<!DOCTYPE html PUBLIC "-//W3C//DTD XHTML 1.1//EN" "https://www.w3.org/TR/xhtml11/DTD/xhtml11.dtd">
<html xmlns="https://www.w3.org/1999/xhtml">
<head>
<meta charset='utf-8'>
<title>TestNG Report</title>
<style type="text/css">
table {margin-bottom:10px;border-collapse:collapse;empty-cells:show}
td,th {border:1px solid #009;padding:.25em .5em}
.result th {vertical-align:bottom}
.param th {padding-left:1em;padding-right:1em}
.param td {padding-left:.5em;padding-right:2em}
.stripe td,.stripe th {background-color: #E6EBF9}
.numi,.numi_attn {text-align:right}
.total td {font-weight:bold}
.passedodd td {background-color: #0A0}
.passedeven td {background-color: #3F3}
.skippedodd td {background-color: #CCC}
.skippedodd td {background-color: #DDD}
.failedodd td,.numi_attn {background-color: #F33}
.failedeven td,.stripe .numi_attn {background-color: #D00}
.stacktrace {white-space:pre;font-family:monospace}
.totop {font-size:85%;text-align:center;border-bottom:2px solid #000}
</style>
</head>
<body>
<table cellspacing="0" cellpadding="0" class="testOverview">
<tr><th>Test</th><th>Methods<br/>Passed</th><th>Scenarios<br/>Passed</th><th># skipped</th><th># failed</th><th>Total<br/>Time</th><th>Included<br/>Groups</th><th>Excluded<br/>Groups</th></tr>
<tr><td style="text-align:left;padding-right:2em"><a href="#t1">MainAssignmentTest</a></td><td class="numi">1</td><td class="numi">1</td><td class="numi">0</td><td class="numi_attn">6</td><td class="numi">12.2 seconds</td><td class="numi"></td><td class="numi"></td></tr>
</table>
<table cellspacing="0" cellpadding="0" class="methodOverview" id="summary">
<tr><th>Class</th><th>Method</th><th># of<br/>Scenarios</th><th>Start</th><th>Time<br/>(ms)</th></tr>
<tr id="t1"><th colspan="5">MainAssignmentTest &#8212; failed</th></tr>
<tr class="failedodd"><td rowspan="6">User1.CreateUser</td><td><a href="#m1"><b>add_tasks</b>  </a></td><td class="numi">1</td><td>1649052586762</td><td class="numi">2914</td></tr><tr class="failedodd"><td><a href="#m2"><b>user_register</b>  </a></td><td class="numi">1</td><td>1649052593373</td><td class="numi">1509</td></tr><tr class="failedodd"><td><a href="#m3"><b>validate_details</b>  </a></td><td class="numi">1</td><td>1649052590925</td><td class="numi">1258</td></tr><tr class="failedodd"><td><a href="#m4"><b>user_login_token</b>  </a></td><td class="numi">1</td><td>1649052596665</td><td class="numi">1248</td></tr><tr class="failedodd"><td><a href="#m5"><b>get_and_verify_all_tasks</b>  </a></td><td class="numi">1</td><td>1649052589682</td><td class="numi">1242</td></tr><tr class="failedodd"><td><a href="#m6"><b>verifyPagination</b>  </a></td><td class="numi">1</td><td>1649052592184</td><td class="numi">1187</td></tr>
<tr><th colspan="5">MainAssignmentTest &#8212; passed</th></tr>
<tr class="passedodd"><td>User1.CreateUser</td><td><a href="#m7"><b>user_login_details</b>  </a></td><td class="numi">1</td><td>1649052594884</td><td class="numi">1780</td></tr>
</table>
<h1>MainAssignmentTest</h1>
<h2 id="m1">User1.CreateUser:add_tasks</h2>
<div>
<div class="stacktrace">java.lang.AssertionError: expected [201] but found [401]
	at User1.CreateUser.add_tasks(User1.CreateUser.java:136)
	at java.base/java.util.ArrayList.forEach(ArrayList.java:1511)
	at com.intellij.rt.testng.IDEARemoteTestNG.run(IDEARemoteTestNG.java:66)
	at com.intellij.rt.testng.RemoteTestNGStarter.main(RemoteTestNGStarter.java:109)
... Removed 30 stack frames</div>
</div>
<p class="totop"><a href="#summary">back to summary</a></p>
<h2 id="m2">User1.CreateUser:user_register</h2>
<div>
<div class="stacktrace">java.lang.AssertionError: expected [201] but found [400]
	at User1.CreateUser.user_register(User1.CreateUser.java:59)
	at java.base/java.util.ArrayList.forEach(ArrayList.java:1511)
	at com.intellij.rt.testng.IDEARemoteTestNG.run(IDEARemoteTestNG.java:66)
	at com.intellij.rt.testng.RemoteTestNGStarter.main(RemoteTestNGStarter.java:109)
... Removed 30 stack frames</div>
</div>
<p class="totop"><a href="#summary">back to summary</a></p>
<h2 id="m3">User1.CreateUser:validate_details</h2>
<div>
<div class="stacktrace">java.lang.AssertionError: expected [200] but found [401]
	at User1.CreateUser.validate_details(User1.CreateUser.java:108)
	at java.base/java.util.ArrayList.forEach(ArrayList.java:1511)
	at com.intellij.rt.testng.IDEARemoteTestNG.run(IDEARemoteTestNG.java:66)
	at com.intellij.rt.testng.RemoteTestNGStarter.main(RemoteTestNGStarter.java:109)
... Removed 30 stack frames</div>
</div>
<p class="totop"><a href="#summary">back to summary</a></p>
<h2 id="m4">User1.CreateUser:user_login_token</h2>
<div>
<div class="stacktrace">java.lang.AssertionError: expected [200] but found [401]
	at User1.CreateUser.user_login_token(User1.CreateUser.java:89)
	at java.base/java.util.ArrayList.forEach(ArrayList.java:1511)
	at com.intellij.rt.testng.IDEARemoteTestNG.run(IDEARemoteTestNG.java:66)
	at com.intellij.rt.testng.RemoteTestNGStarter.main(RemoteTestNGStarter.java:109)
... Removed 30 stack frames</div>
</div>
<p class="totop"><a href="#summary">back to summary</a></p>
<h2 id="m5">User1.CreateUser:get_and_verify_all_tasks</h2>
<div>
<div class="stacktrace">java.lang.AssertionError: expected [200] but found [401]
	at User1.CreateUser.get_and_verify_all_tasks(User1.CreateUser.java:151)
	at java.base/java.util.ArrayList.forEach(ArrayList.java:1511)
	at com.intellij.rt.testng.IDEARemoteTestNG.run(IDEARemoteTestNG.java:66)
	at com.intellij.rt.testng.RemoteTestNGStarter.main(RemoteTestNGStarter.java:109)
... Removed 30 stack frames</div>
</div>
<p class="totop"><a href="#summary">back to summary</a></p>
<h2 id="m6">User1.CreateUser:verifyPagination</h2>
<div>
<div class="stacktrace">java.lang.AssertionError: expected [200] but found [401]
	at User1.CreateUser.verifyPagination(User1.CreateUser.java:180)
	at java.base/java.util.ArrayList.forEach(ArrayList.java:1511)
	at com.intellij.rt.testng.IDEARemoteTestNG.run(IDEARemoteTestNG.java:66)
	at com.intellij.rt.testng.RemoteTestNGStarter.main(RemoteTestNGStarter.java:109)
... Removed 30 stack frames</div>
</div>
<p class="totop"><a href="#summary">back to summary</a></p>
<h2 id="m7">User1.CreateUser:user_login_details</h2>
<p class="totop"><a href="#summary">back to summary</a></p>
</body></html>
